Determining if the pthread_create exist failed with the following output:
Change Dir: /home/titlois/Documents/s3/Synthèse d'images/projet/IMACMAN/CMakeFiles/CMakeTmp

Run Build Command:"/usr/bin/make" "cmTC_1525e/fast"
/usr/bin/make -f CMakeFiles/cmTC_1525e.dir/build.make CMakeFiles/cmTC_1525e.dir/build
make[1] : on entre dans le répertoire « /home/titlois/Documents/s3/Synthèse d'images/projet/IMACMAN/CMakeFiles/CMakeTmp »
Building C object CMakeFiles/cmTC_1525e.dir/CheckSymbolExists.c.o
/usr/bin/cc     -o CMakeFiles/cmTC_1525e.dir/CheckSymbolExists.c.o   -c "/home/titlois/Documents/s3/Synthèse d'images/projet/IMACMAN/CMakeFiles/CMakeTmp/CheckSymbolExists.c"
Linking C executable cmTC_1525e
/usr/bin/cmake -E cmake_link_script CMakeFiles/cmTC_1525e.dir/link.txt --verbose=1
/usr/bin/cc       CMakeFiles/cmTC_1525e.dir/CheckSymbolExists.c.o  -o cmTC_1525e -rdynamic 
CMakeFiles/cmTC_1525e.dir/CheckSymbolExists.c.o : Dans la fonction « main » :
CheckSymbolExists.c:(.text+0x16) : référence indéfinie vers « pthread_create »
collect2: error: ld returned 1 exit status
CMakeFiles/cmTC_1525e.dir/build.make:97 : la recette pour la cible « cmTC_1525e » a échouée
make[1]: *** [cmTC_1525e] Erreur 1
make[1] : on quitte le répertoire « /home/titlois/Documents/s3/Synthèse d'images/projet/IMACMAN/CMakeFiles/CMakeTmp »
Makefile:126 : la recette pour la cible « cmTC_1525e/fast » a échouée
make: *** [cmTC_1525e/fast] Erreur 2

File /home/titlois/Documents/s3/Synthèse d'images/projet/IMACMAN/CMakeFiles/CMakeTmp/CheckSymbolExists.c:
/* */
#include <pthread.h>

int main(int argc, char** argv)
{
  (void)argv;
#ifndef pthread_create
  return ((int*)(&pthread_create))[argc];
#else
  (void)argc;
  return 0;
#endif
}

Determining if the function pthread_create exists in the pthreads failed with the following output:
Change Dir: /home/titlois/Documents/s3/Synthèse d'images/projet/IMACMAN/CMakeFiles/CMakeTmp

Run Build Command:"/usr/bin/make" "cmTC_2d7a2/fast"
/usr/bin/make -f CMakeFiles/cmTC_2d7a2.dir/build.make CMakeFiles/cmTC_2d7a2.dir/build
make[1] : on entre dans le répertoire « /home/titlois/Documents/s3/Synthèse d'images/projet/IMACMAN/CMakeFiles/CMakeTmp »
Building C object CMakeFiles/cmTC_2d7a2.dir/CheckFunctionExists.c.o
/usr/bin/cc    -DCHECK_FUNCTION_EXISTS=pthread_create   -o CMakeFiles/cmTC_2d7a2.dir/CheckFunctionExists.c.o   -c /usr/share/cmake-3.5/Modules/CheckFunctionExists.c
Linking C executable cmTC_2d7a2
/usr/bin/cmake -E cmake_link_script CMakeFiles/cmTC_2d7a2.dir/link.txt --verbose=1
/usr/bin/cc   -DCHECK_FUNCTION_EXISTS=pthread_create    CMakeFiles/cmTC_2d7a2.dir/CheckFunctionExists.c.o  -o cmTC_2d7a2 -rdynamic -lpthreads 
/usr/bin/ld : ne peut trouver -lpthreads
collect2: error: ld returned 1 exit status
CMakeFiles/cmTC_2d7a2.dir/build.make:97 : la recette pour la cible « cmTC_2d7a2 » a échouée
make[1]: *** [cmTC_2d7a2] Erreur 1
make[1] : on quitte le répertoire « /home/titlois/Documents/s3/Synthèse d'images/projet/IMACMAN/CMakeFiles/CMakeTmp »
Makefile:126 : la recette pour la cible « cmTC_2d7a2/fast » a échouée
make: *** [cmTC_2d7a2/fast] Erreur 2


